<?xml version="1.0" encoding="UTF-8" ?>
<testsuite errors="0" failures="0" hostname="jarno-desktop" name="gameLogicTest" tests="7" time="0.059" timestamp="2012-11-05T23:05:12">
  <properties>
[...]
</properties>
  <testcase classname="gameLogicTest" name="gameLogicConstructorTester" time="0.003" />
  <testcase classname="gameLogicTest" name="gameBlockGetXtester" time="0.0" />
  <testcase classname="gameLogicTest" name="gameBlockGetYtester" time="0.0" />
  <testcase classname="gameLogicTest" name="gameBlockGetXtesterTwo" time="0.0" />
  <testcase classname="gameLogicTest" name="gameBlockGetXtesterThree" time="0.0" />
  <testcase classname="gameLogicTest" name="gameBlockGetYtesterTwo" time="0.001" />
  <testcase classname="gameLogicTest" name="gameBlockConstructorTester" time="0.0" />
  <system-out><![CDATA[]]></system-out>
  <system-err><![CDATA[]]></system-err>
</testsuite>
